[www.amazon.com/index.html]
[backblue.gif]
[fade.gif]
[index.html]
[www.amazon.com/service-worker.js]
[m.media-amazon.com/images/I/11EIQ5IGqaL._RC_01e5ncglxyL.css,01lF2n-pPaL.css,41SwWPpN5yL.css,31+Z83i6adL.css,01IWMurvs8L.css,01ToTiqCP7L.css,01qPl4hxayL.css,01ITNc8rK9L.css,413Vvv3GONL.css,11TIuySqr6L.css,01Rw4F+QU]
[www.amazon.com/@c/index.html]
[m.media-amazon.com/images/I/61xJcNKKLXLdce7.js]
[www.amazon.com/sp.load.js]
[m.media-amazon.com/images/I/51BqsgbDI7L4221.js]
[www.amazon.com/@m/index.html]
[m.media-amazon.com/images/G/01/gno/sprites/nav-sprite-global-1x-reorg-privacy._CB587940754_.png]
[m.media-amazon.com/images/G/01/javascripts/lib/popover/images/snake._CB485935611_.gif]
[m.media-amazon.com/images/G/01/gno/sprites/timeline_sprite_1x._CB485945973_.png]
[www.amazon.com/@p/index.html]
[images-na.ssl-images-amazon.com/images/I/4171sdbgqbL6243.css]
[images-na.ssl-images-amazon.com/images/I/41-WpIOxHtL._RC_71P5VoG2PwL.css,415rb7zC-GL.css,11GB7tDtz6L.css,11cb452ZkFL.css,31MqpFX13CL.css,31YZpDCYJPL.css,21pkK7OQMnL.css,41yQj5y2obL.css,110Nj+wUGYL.css,31OvHRW+XiL]
[images-na.ssl-images-amazon.com/images/I/01rGP6HIADL864b.js]
[images-na.ssl-images-amazon.com/images/I/11y85pohsPL._RC_41JZmnaIUdL.js_6243.js]
[images-na.ssl-images-amazon.com/images/I/31IkFoRynML3d57.js]
[images-na.ssl-images-amazon.com/images/I/91dn5m6T1dLc8cc.js]
[www.amazon.com/favicon.ico]
[www.amazon.com/$entities.set]
[www.amazon.com/POST]
[m.media-amazon.com/images/G/01/x-locale/common/transparent-pixel._CB485935036_.gif]
[www.amazon.com/ref=nav_logo.html]
[www.amazon.com/customer-preferences/edit5187.html]
[www.amazon.com/gp/css/order-history4328]
[www.amazon.com/gp/site-directory4a22]
[www.amazon.com/gp/help/customer/accessibility]
[www.amazon.com/stores/node/206485190117c0e.html]
[www.amazon.com/gp/bestsellers/indexce73.html]
[www.amazon.com/dealsd89c.html]
[www.amazon.com/gp/new-releases/index576c.html]
[www.amazon.com/gp/help/customer/display364e.html]
[www.amazon.com/music/playerf0d8.html]
[www.amazon.com/gp/browse9c2e.html]
[www.amazon.com/registries901e.html]
[www.amazon.com/home-garden-kitchen-furniture-bedding/b/indexcfa3.html]
[www.amazon.com/gift-cards/b/indexb407.html]
[www.amazon.com/Smart-Home/b/index7220.html]
[www.amazon.com/books-used-books-textbooks/b/index405e.html]
[www.amazon.com/amazon-fashion/b/index2efd.html]
[www.amazon.com/toys/b/indexfba2.html]
[www.amazon.com/b/indexa5f9.html]
[www.amazon.com/gcx/Gifts-for-Everyone/gfhz/index8a73.html]
[www.amazon.com/gp/browse35eb.html]
[www.amazon.com/automotive-auto-truck-replacements-parts/b/indexe8d7.html]
[www.amazon.com/Beauty-Makeup-Skin-Hair-Products/b/index2724.html]
[www.amazon.com/Tools-and-Home-Improvement/b/index59b5.html]
[www.amazon.com/computer-pc-hardware-accessories-add-ons/b/indexf06e.html]
[www.amazon.com/health-personal-care-nutrition-fitness/b/index222c.html]
[www.amazon.com/sports-outdoors/b/index8885.html]
[m.media-amazon.com/images/I/61m5yY3o+cL._SX1500_.jpg]
[www.amazon.com/computer-video-games-hardware-accessories/b/index765e.html]
[www.amazon.com/pet-shops-dogs-cats-hamsters-kittens/b/index4b54.html]
[images-na.ssl-images-amazon.com/images/G/01/DiscoTec/2024/BTSOTC/GW/CatCard/BTSOTC24_2274_Gateway_Desktop_Category_Card_4_Early_Save_on_School_Essentials_1x_379x304._SY304_CB557888479_.jpg]
[www.amazon.com/b/index94ec.html]
[images-na.ssl-images-amazon.com/images/G/01/Fashion_Discovery/3P_HOB_Marketing_Assets/LCM_Campaigns/379x304_Desktop_Olipop_Orange._SY304_CB553732275_.jpg]
[www.amazon.com/stores/page/E7C039B0-7C21-4C92-8533-919D5E3E5D8C&ref=sbm_td_bs/indexb023.html]
[images-na.ssl-images-amazon.com/images/G/01/AMAZON_FASHION/2024/SITE_FLIPS/SP24/GW/MIDFLIP/DQC/SPR24_GW_Quad_Card_DT_8_MB_SE_Seasonal_Generic_ALL_1x._SY116_CB561960215_.jpg]
[images-na.ssl-images-amazon.com/images/G/01/AMAZON_FASHION/2024/SITE_FLIPS/SP24/GW/MIDFLIP/DQC/SPR24_GW_Quad_Card_DT_8_NW_Generic_W_1x._SY116_CB561960215_.jpg]
[images-na.ssl-images-amazon.com/images/G/01/AMAZON_FASHION/2024/SITE_FLIPS/SP24/GW/MIDFLIP/DQC/SPR24_GW_Quad_Card_DT_8_MB_NE_Generic_M_1x._SY116_CB561960215_.jpg]
[www.amazon.com/amazon-fashion/b/index2dd3.html]
[www.amazon.com/Womens-Fashion/b/indexfe3f.html]
[images-na.ssl-images-amazon.com/images/G/01/AMAZON_FASHION/2024/SITE_FLIPS/SP24/GW/MIDFLIP/DQC/SPR24_GW_Quad_Card_DT_8_MB_SW_Generic_K_1x._SY116_CB561960215_.jpg]
[www.amazon.com/Mens-Fashion/b/indexd434.html]
[www.amazon.com/b/indexde58.html]
[www.amazon.com/gcx/New-Arrivals_-Home/gfhz/events/ref=s9_bw_cg_Explore_2e1_w/indexb7fd.html]
[images-na.ssl-images-amazon.com/images/G/01/DiscoTec/2024/HomeLifestyle/HomeSummerFlip/Homepage/QuadCards/Home_Flip_Summer_2024_315_HP_NewArrivals_QuadCard_D_01_1x._SY116_CB555960040_.jpg]
[images-na.ssl-images-amazon.com/images/G/01/DiscoTec/2024/HomeLifestyle/HomeSummerFlip/Homepage/QuadCards/Home_Flip_Summer_2024_316_HP_NewArrivals_QuadCard_D_02_1x._SY116_CB555960040_.jpg]
[images-na.ssl-images-amazon.com/images/G/01/DiscoTec/2024/HomeLifestyle/HomeSummerFlip/Homepage/QuadCards/Home_Flip_Summer_2024_317_HP_NewArrivals_QuadCard_D_03_1x._SY116_CB555960040_.jpg]
[images-na.ssl-images-amazon.com/images/G/01/DiscoTec/2024/HomeLifestyle/HomeSummerFlip/Homepage/QuadCards/Home_Flip_Summer_2024_318_HP_NewArrivals_QuadCard_D_04_1x._SY116_CB555960040_.jpg]
[images-na.ssl-images-amazon.com/images/G/01/DiscoTec/2024/BrandActivations/TooFaced/Category_Card/CategoryCard_d_TooFaced_1x._SY304_CB556441009_.jpg]
[images-na.ssl-images-amazon.com/images/G/01/Merch_On_Demand/Modify/Traffic_Assets/Alt_Hero/BTF-Category-Card-Desktop-379x304._SY304_CB553792627_.jpg]
[images-na.ssl-images-amazon.com/images/G/01/Fashion_Discovery/3P_HOB_Marketing_Assets/LCM_Campaigns/379x304_Desktop_MuddyBites._SY304_CB553742859_.jpg]
[images-na.ssl-images-amazon.com/images/G/01/AMAZON_FASHION/2024/LuxuryStores/Spring/lb_tj_cc_d1x._SY304_CB569890516_.jpg]
[www.amazon.com/gcx/New-Arrivals_-Home/gfhz/events/ref=s9_bw_cg_Explore_2e1_w/index1397.html]
[m.media-amazon.com/images/I/51YlAYwPx6L._AC_SY200_.jpg]
[www.amazon.com/gcx/New-Arrivals_-Home/gfhz/events/ref=s9_bw_cg_Explore_2e1_w/index2624.html]
[m.media-amazon.com/images/I/61p-wtpDraL._AC_SY200_.jpg]
[www.amazon.com/gcx/New-Arrivals_-Home/gfhz/events/ref=s9_bw_cg_Explore_2e1_w/index91d8.html]
[m.media-amazon.com/images/I/61pp+20Oo0L._AC_SY200_.jpg]
[www.amazon.com/stores/page/0F7DED2E-E880-4A9C-BDE5-BF432542975E/index929c.html]
[m.media-amazon.com/images/I/51bryY47IFL._AC_SY200_.jpg]
[www.amazon.com/gcx/New-Arrivals_-Home/gfhz/events/ref=s9_bw_cg_Explore_2e1_w/index4563.html]
[www.amazon.com/stores/page/F44A6054-6006-4615-B618-240A8343CE8C/index598c.html]
[m.media-amazon.com/images/I/61NFkX7td8L._AC_SY200_.jpg]
[m.media-amazon.com/images/I/71PXjjbQCzL._AC_SY200_.jpg]
[www.amazon.com/stores/MuddyBites/page/4C27B392-E087-4DC6-9394-47462F98D4D8&ref=sbm_td_bs/index6943.html]
[m.media-amazon.com/images/I/41roS4Ps5RL._AC_SY200_.jpg]
[www.amazon.com/s/index1667.html]
[m.media-amazon.com/images/I/71fizOWwhFL._AC_SY400_.jpg]
[www.amazon.com/stores/luxurystores/page/B6BC6264-7221-424B-9191-DAE2BCF963A2/index3ded.html]
[m.media-amazon.com/images/I/51zgrgugoJL._AC_SY400_.jpg]
[m.media-amazon.com/images/I/51-XGWRSpnL._AC_SY400_.jpg]
[m.media-amazon.com/images/I/61DIM4JOLiL._AC_SY400_.jpg]
[m.media-amazon.com/images/I/51iMh82b5UL._AC_SY400_.jpg]
[m.media-amazon.com/images/I/71xMIZgC-TL._AC_SY400_.jpg]
[m.media-amazon.com/images/I/71x8eJYN4JL._AC_SY400_.jpg]
[m.media-amazon.com/images/I/61pIL2maVKL._AC_SY400_.jpg]
[m.media-amazon.com/images/I/61mZEOjHwKL._AC_SY400_.jpg]
[m.media-amazon.com/images/I/612HeyYXOnL._AC_SY400_.jpg]
[www.amazon.com/Mighty-Patch-Hydrocolloid-Absorbing-count/dp/B074PVTPBW/index92d2.html]
[www.amazon.com/COSRX-Repairing-Hydrating-Secretion-Phthalates/dp/B00PBX3L7K/index92d2.html]
[www.amazon.com/eos-Cashmere-Moisture-Lightweight-Non-Greasy/dp/B08KT2Z93D/index92d2.html]
[m.media-amazon.com/images/I/51jcdwTt7nS._AC_SY400_.jpg]
[www.amazon.com/Clean-Skin-Club-Disposable-Sensitive/dp/B07PBXXNCY/index92d2.html]
[www.amazon.com/Mielle-Rosemary-Mint-Scalp-Strengthening/dp/B07N7PK9QK/index92d2.html]
[www.amazon.com/Neutrogena-Cleansing-Towelettes-Waterproof-Alcohol-Free/dp/B00U2VQZDS/index92d2.html]
[m.media-amazon.com/images/I/61bLRVPWH7L._AC_SY400_.jpg]
[www.amazon.com/Amazon-Basics-Cotton-Rounds-Count/dp/B09542G9ZN/index92d2.html]
[www.amazon.com/Dove-Body-Wash-Pump-Moisture/dp/B00MEDOY2G/index92d2.html]
[www.amazon.com/Biodance-Bio-Collagen-Tightening-Hydrating-Molecular/dp/B0B2RM68G2/index92d2.html]
[m.media-amazon.com/images/I/71Nqkdjq52L._AC_SY400_.jpg]
[www.amazon.com/Daolyo-Hydrocolloid-Blemishes-Salicylic-Calendula/dp/B0CCRWC6W9/index92d2.html]
[www.amazon.com/Valitic-Remover-Vitamin-Collagen-Turmeric/dp/B09MFMCTRK/index92d2.html]
[www.amazon.com/Sun-Bum-Moisturizing-Protection-Hypoallergenic/dp/B004XGLDTY/index92d2.html]
[www.amazon.com/Q-tips-Cotton-Swabs-625-ct/dp/B01AXQP6AE/index92d2.html]
[m.media-amazon.com/images/I/51DbQev1thL._AC_SY400_.jpg]
[www.amazon.com/Schick-Multipurpose-Exfoliating-Dermaplaning-Precision/dp/B0787GLBMV/index92d2.html]
[www.amazon.com/CeraVe-Moisturizing-Cream-Daily-Moisturizer/dp/B00TTD9BRC/index92d2.html]
[www.amazon.com/EltaMD-Acne-Prone-Mineral-Based-Dermatologist-Recommended/dp/B002MSN3QQ/index92d2.html]
[m.media-amazon.com/images/I/61ka2WtyWWL._AC_SY400_.jpg]
[www.amazon.com/Goody-WoMens-Ouchless-Braided-Elastics/dp/B00IGJ1XOO/index92d2.html]
[www.amazon.com/Amazon-Basics-Cotton-Swabs-500ct/dp/B09541P9WH/index92d2.html]
[www.amazon.com/Paulas-Choice-SKIN-PERFECTING-Exfoliant-Facial-Blackheads/dp/B00949CTQQ/index92d2.html]
[m.media-amazon.com/images/I/41tFi33Pi6L._AC_SY400_.jpg]
[www.amazon.com/Neutrogena-Cleansing-Towelette-Waterproof-Individually/dp/B07GKVBQDG/index92d2.html]
[www.amazon.com/CeraVe-Hydrating-Facial-Cleanser-Fragrance/dp/B01MSSDEPK/index92d2.html]
[www.amazon.com/Sacheu-Lip-Liner-Stay-N-Hyaluronic/dp/B0BVPNQW1C/index92d2.html]
[www.amazon.com/ANUA-Heartleaf-Cleansing-Cleanser-Blackheads/dp/B0BN2PX8V3/index92d2.html]
[m.media-amazon.com/images/I/61tX1OamThL._AC_SY400_.jpg]
[www.amazon.com/Hula-Home-Continuous-Plastic-Sprayer/dp/B0948WBX9L/index92d2.html]
[m.media-amazon.com/images/I/71xr2T2R1uL._AC_SY400_.jpg]
[m.media-amazon.com/images/I/81E2NQ1ftHL._AC_SY400_.jpg]
[www.amazon.com/index.html]
[m.media-amazon.com/images/I/11EIQ5IGqaL._RC_01e5ncglxyL.css,01lF2n-pPaL.css,41SwWPpN5yL.css,31+Z83i6adL.css,01IWMurvs8L.css,01ToTiqCP7L.css,01qPl4hxayL.css,01ITNc8rK9L.css,413Vvv3GONL.css,11TIuySqr6L.css,01Rw4F+QU]
[www.amazon.com/@c/index.html]
[www.amazon.com/@m/index.html]
[www.amazon.com/@p/index.html]
[m.media-amazon.com/images/I/61xJcNKKLXLdce7.js]
[www.amazon.com/sp.load.html]
[m.media-amazon.com/images/I/51BqsgbDI7L4221.js]
[images-na.ssl-images-amazon.com/images/I/41-WpIOxHtL._RC_71P5VoG2PwL.css,415rb7zC-GL.css,11GB7tDtz6L.css,11cb452ZkFL.css,31MqpFX13CL.css,31YZpDCYJPL.css,21pkK7OQMnL.css,41yQj5y2obL.css,110Nj+wUGYL.css,31OvHRW+XiL]
[images-na.ssl-images-amazon.com/images/I/4171sdbgqbL6243.css]
[images-na.ssl-images-amazon.com/images/I/01rGP6HIADL864b.js]
[images-na.ssl-images-amazon.com/images/I/11y85pohsPL._RC_41JZmnaIUdL.js_6243.js]
[images-na.ssl-images-amazon.com/images/I/31IkFoRynML3d57.js]
[images-na.ssl-images-amazon.com/images/I/91dn5m6T1dLc8cc.js]
[www.amazon.com/$entities.html]
[www.amazon.com/POST.html]
[www.amazon.com/ref=nav_logo.html]
[www.amazon.com/customer-preferences/edit5187.html]
[www.amazon.com/gp/site-directory4a22.html]
[www.amazon.com/gp/bestsellers/indexce73.html]
[www.amazon.com/stores/node/206485190117c0e.html]
[www.amazon.com/gp/new-releases/index576c.html]
[www.amazon.com/dealsd89c.html]
[www.amazon.com/gp/help/customer/display364e.html]
[www.amazon.com/music/playerf0d8.html]
[www.amazon.com/home-garden-kitchen-furniture-bedding/b/indexcfa3.html]
[www.amazon.com/registries901e.html]
[www.amazon.com/books-used-books-textbooks/b/index405e.html]
[www.amazon.com/gift-cards/b/indexb407.html]
[www.amazon.com/amazon-fashion/b/index2efd.html]
[www.amazon.com/Smart-Home/b/index7220.html]
[www.amazon.com/toys/b/indexfba2.html]
[www.amazon.com/b/indexa5f9.html]
[www.amazon.com/gcx/Gifts-for-Everyone/gfhz/index8a73.html]
[www.amazon.com/Beauty-Makeup-Skin-Hair-Products/b/index2724.html]
[www.amazon.com/automotive-auto-truck-replacements-parts/b/indexe8d7.html]
[www.amazon.com/Tools-and-Home-Improvement/b/index59b5.html]
[www.amazon.com/health-personal-care-nutrition-fitness/b/index222c.html]
[www.amazon.com/computer-pc-hardware-accessories-add-ons/b/indexf06e.html]
[www.amazon.com/sports-outdoors/b/index8885.html]
[www.amazon.com/pet-shops-dogs-cats-hamsters-kittens/b/index4b54.html]
[www.amazon.com/computer-video-games-hardware-accessories/b/index765e.html]
[www.amazon.com/gp/browse35eb.html]
[www.amazon.com/joinprime/indexb7b6.html]
[www.amazon.com/prime/index52b0.html]
[www.amazon.com/b/index94ec.html]
[www.amazon.com/stores/page/E7C039B0-7C21-4C92-8533-919D5E3E5D8C&ref=sbm_td_bs/indexb023.html]
[www.amazon.com/amazon-fashion/b/index2dd3.html]
[www.amazon.com/Womens-Fashion/b/indexfe3f.html]
[www.amazon.com/Mens-Fashion/b/indexd434.html]
[www.amazon.com/Banana-Boat-Sunscreen-Performance-Spectrum/dp/B01MQXX9US/index92d2.html]
[www.amazon.com/b/indexde58.html]
[www.amazon.com/gcx/New-Arrivals_-Home/gfhz/events/ref=s9_bw_cg_Explore_2e1_w/indexb7fd.html]
[www.amazon.com/gcx/New-Arrivals_-Home/gfhz/events/ref=s9_bw_cg_Explore_2e1_w/index1397.html]
[www.amazon.com/gcx/New-Arrivals_-Home/gfhz/events/ref=s9_bw_cg_Explore_2e1_w/index2624.html]
[www.amazon.com/gcx/New-Arrivals_-Home/gfhz/events/ref=s9_bw_cg_Explore_2e1_w/index91d8.html]
[www.amazon.com/gcx/New-Arrivals_-Home/gfhz/events/ref=s9_bw_cg_Explore_2e1_w/index4563.html]
[www.amazon.com/stores/page/0F7DED2E-E880-4A9C-BDE5-BF432542975E/index929c.html]
[www.amazon.com/stores/page/F44A6054-6006-4615-B618-240A8343CE8C/index598c.html]
[www.amazon.com/stores/MuddyBites/page/4C27B392-E087-4DC6-9394-47462F98D4D8&ref=sbm_td_bs/index6943.html]
[www.amazon.com/s/index1667.html]
[www.amazon.com/stores/luxurystores/page/B6BC6264-7221-424B-9191-DAE2BCF963A2/index3ded.html]
[www.amazon.com/Mighty-Patch-Hydrocolloid-Absorbing-count/dp/B074PVTPBW/index92d2.html]
[www.amazon.com/COSRX-Repairing-Hydrating-Secretion-Phthalates/dp/B00PBX3L7K/index92d2.html]
[www.amazon.com/eos-Cashmere-Moisture-Lightweight-Non-Greasy/dp/B08KT2Z93D/index92d2.html]
[www.amazon.com/Clean-Skin-Club-Disposable-Sensitive/dp/B07PBXXNCY/index92d2.html]
[www.amazon.com/Mielle-Rosemary-Mint-Scalp-Strengthening/dp/B07N7PK9QK/index92d2.html]
[www.amazon.com/Neutrogena-Cleansing-Towelettes-Waterproof-Alcohol-Free/dp/B00U2VQZDS/index92d2.html]
[www.amazon.com/Amazon-Basics-Cotton-Rounds-Count/dp/B09542G9ZN/index92d2.html]
[www.amazon.com/Dove-Body-Wash-Pump-Moisture/dp/B00MEDOY2G/index92d2.html]
[www.amazon.com/Biodance-Bio-Collagen-Tightening-Hydrating-Molecular/dp/B0B2RM68G2/index92d2.html]
[www.amazon.com/Sun-Bum-Moisturizing-Protection-Hypoallergenic/dp/B004XGLDTY/index92d2.html]
[www.amazon.com/Daolyo-Hydrocolloid-Blemishes-Salicylic-Calendula/dp/B0CCRWC6W9/index92d2.html]
